2025-12-27 23:12:28 | INFO     | TRADE: Placing buy order for 0.1 BTCUSDT
2025-12-27 23:12:28 | INFO     | TRADE: Order placed successfully - ID: 12345
2025-12-27 23:12:28 | INFO     | TRADE: Cancelling order 12345
2025-12-27 23:12:55 | INFO     | TRADE: Placing buy order for 0.1 BTCUSDT
2025-12-27 23:12:55 | INFO     | TRADE: Order placed successfully - ID: 12345
2025-12-27 23:12:55 | INFO     | TRADE: Cancelling order 12345
2025-12-28 17:41:23 | INFO     |   → NO TRADE: Trend (neutral) not aligned with entry signal (hold)
2025-12-28 17:41:24 | INFO     |   → NO TRADE: Trend (neutral) not aligned with entry signal (hold)
2025-12-28 17:41:24 | INFO     |   → NO TRADE: Trend (neutral) not aligned with entry signal (hold)
2025-12-28 17:42:26 | INFO     |   → NO TRADE: Trend (neutral) not aligned with entry signal (hold)
2025-12-28 17:42:26 | INFO     |   → NO TRADE: Trend (neutral) not aligned with entry signal (hold)
2025-12-28 17:42:27 | INFO     |   → NO TRADE: Trend (neutral) not aligned with entry signal (hold)
2025-12-28 17:43:26 | INFO     |   → NO TRADE: Trend (neutral) not aligned with entry signal (hold)
2025-12-28 17:43:27 | INFO     |   → NO TRADE: Trend (neutral) not aligned with entry signal (hold)
2025-12-28 17:43:27 | INFO     |   → NO TRADE: Trend (neutral) not aligned with entry signal (hold)
2025-12-28 17:44:26 | INFO     |   → NO TRADE: Trend (neutral) not aligned with entry signal (hold)
2025-12-28 17:44:26 | INFO     |   → NO TRADE: Trend (neutral) not aligned with entry signal (hold)
2025-12-28 17:44:27 | INFO     |   → NO TRADE: Trend (neutral) not aligned with entry signal (hold)
2025-12-28 17:45:26 | INFO     |   → NO TRADE: Trend (neutral) not aligned with entry signal (hold)
2025-12-28 17:45:26 | INFO     |   → NO TRADE: Trend (neutral) not aligned with entry signal (hold)
2025-12-28 17:45:27 | INFO     |   → NO TRADE: Trend (neutral) not aligned with entry signal (hold)
2025-12-28 17:45:33 | INFO     |   → NO TRADE: Trend (neutral) not aligned with entry signal (hold)
2025-12-28 17:45:34 | INFO     |   → NO TRADE: Trend (neutral) not aligned with entry signal (buy)
2025-12-28 17:45:34 | INFO     |   → NO TRADE: Trend (neutral) not aligned with entry signal (hold)
2025-12-28 17:46:36 | INFO     |   → NO TRADE: Trend (neutral) not aligned with entry signal (hold)
2025-12-28 17:46:36 | INFO     |   → NO TRADE: Trend (neutral) not aligned with entry signal (buy)
2025-12-28 17:46:36 | INFO     |   → NO TRADE: Trend (neutral) not aligned with entry signal (hold)
2025-12-28 17:47:36 | INFO     |   → NO TRADE: Trend (neutral) not aligned with entry signal (hold)
2025-12-28 17:47:36 | INFO     |   → NO TRADE: Trend (neutral) not aligned with entry signal (buy)
2025-12-28 17:47:37 | INFO     |   → NO TRADE: Trend (neutral) not aligned with entry signal (hold)
2025-12-28 17:48:36 | INFO     |   → NO TRADE: Trend (neutral) not aligned with entry signal (hold)
2025-12-28 17:48:37 | INFO     |   → NO TRADE: Trend (neutral) not aligned with entry signal (buy)
2025-12-28 17:48:37 | INFO     |   → NO TRADE: Trend (neutral) not aligned with entry signal (hold)
